<?xml version="1.0" encoding="UTF-8"?>
<testng-results ignored="0" total="1" passed="1" failed="0" skipped="0">
  <reporter-output>
  </reporter-output>
  <suite started-at="2023-10-21T13:31:25 IST" name="Default suite" finished-at="2023-10-21T13:31:25 IST" duration-ms="317">
    <groups>
    </groups>
    <test started-at="2023-10-21T13:31:25 IST" name="Default test" finished-at="2023-10-21T13:31:25 IST" duration-ms="317">
      <class name="Seleniumproject.SearchProduct">
        <test-method is-config="true" signature="setup()[pri:0, instance:Seleniumproject.SearchProduct@7f485fda]" started-at="2023-10-21T13:30:01 IST" name="setup" finished-at="2023-10-21T13:31:25 IST" duration-ms="83979" status="PASS">
          <reporter-output>
          </reporter-output>
        </test-method> <!-- setup -->
        <test-method signature="search()[pri:0, instance:Seleniumproject.SearchProduct@7f485fda]" started-at="2023-10-21T13:31:25 IST" name="search" finished-at="2023-10-21T13:31:25 IST" duration-ms="217" status="PASS">
          <reporter-output>
          </reporter-output>
        </test-method> <!-- search -->
        <test-method is-config="true" signature="teardown()[pri:0, instance:Seleniumproject.SearchProduct@7f485fda]" started-at="2023-10-21T13:31:25 IST" name="teardown" finished-at="2023-10-21T13:31:26 IST" duration-ms="309" status="PASS">
          <reporter-output>
          </reporter-output>
        </test-method> <!-- teardown -->
      </class> <!-- Seleniumproject.SearchProduct -->
    </test> <!-- Default test -->
  </suite> <!-- Default suite -->
</testng-results>
